<?xml version="1.0" encoding="UTF-8"?>
<testng-results total="4" passed="3" failed="1" skipped="0">
  <reporter-output>
  </reporter-output>
  <suite started-at="2022-08-05T01:28:32Z" name="Suite" finished-at="2022-08-05T01:29:24Z" duration-ms="52390">
    <groups>
    </groups>
    <test started-at="2022-08-05T01:28:32Z" name="Test" finished-at="2022-08-05T01:29:24Z" duration-ms="52390">
      <class name="script.ProblemSigninScript">
        <test-method is-config="true" signature="refreshPage()[pri:0, instance:script.ProblemSigninScript@1187c9e8]" started-at="2022-08-04T21:29:07Z" name="refreshPage" finished-at="2022-08-04T21:29:09Z" duration-ms="2089" status="PASS">
          <reporter-output>
          </reporter-output>
        </test-method> <!-- refreshPage -->
        <test-method signature="problemUserLogin()[pri:3, instance:script.ProblemSigninScript@1187c9e8]" started-at="2022-08-04T21:29:09Z" name="problemUserLogin" finished-at="2022-08-04T21:29:13Z" duration-ms="4276" status="PASS">
          <reporter-output>
          </reporter-output>
        </test-method> <!-- problemUserLogin -->
      </class> <!-- script.ProblemSigninScript -->
      <class name="script.LockedSigninScript">
        <test-method is-config="true" signature="initialization()[pri:0, instance:script.LockedSigninScript@4b34fff9]" started-at="2022-08-04T21:28:32Z" name="initialization" finished-at="2022-08-04T21:28:37Z" duration-ms="5567" status="PASS">
          <reporter-output>
          </reporter-output>
        </test-method> <!-- initialization -->
        <test-method is-config="true" signature="initialization()[pri:0, instance:script.PerformanceSigninScript@34f6515b]" started-at="2022-08-04T21:28:37Z" name="initialization" finished-at="2022-08-04T21:28:42Z" duration-ms="4315" status="PASS">
          <reporter-output>
          </reporter-output>
        </test-method> <!-- initialization -->
        <test-method is-config="true" signature="initialization()[pri:0, instance:script.ProblemSigninScript@1187c9e8]" started-at="2022-08-04T21:28:42Z" name="initialization" finished-at="2022-08-04T21:28:48Z" duration-ms="5942" status="PASS">
          <reporter-output>
          </reporter-output>
        </test-method> <!-- initialization -->
        <test-method is-config="true" signature="initialization()[pri:0, instance:script.StandardSigninScript@127a7a2e]" started-at="2022-08-04T21:28:48Z" name="initialization" finished-at="2022-08-04T21:28:54Z" duration-ms="6462" status="PASS">
          <reporter-output>
          </reporter-output>
        </test-method> <!-- initialization -->
        <test-method is-config="true" signature="refreshPage()[pri:0, instance:script.LockedSigninScript@4b34fff9]" started-at="2022-08-04T21:29:01Z" name="refreshPage" finished-at="2022-08-04T21:29:03Z" duration-ms="2474" status="PASS">
          <reporter-output>
          </reporter-output>
        </test-method> <!-- refreshPage -->
        <test-method signature="lockedOutUserLogin()[pri:2, instance:script.LockedSigninScript@4b34fff9]" started-at="2022-08-04T21:29:03Z" name="lockedOutUserLogin" finished-at="2022-08-04T21:29:07Z" duration-ms="3555" status="PASS">
          <reporter-output>
          </reporter-output>
        </test-method> <!-- lockedOutUserLogin -->
        <test-method is-config="true" signature="closeBrowser()[pri:0, instance:script.LockedSigninScript@4b34fff9]" started-at="2022-08-04T21:29:24Z" name="closeBrowser" finished-at="2022-08-04T21:29:24Z" duration-ms="0" status="PASS">
          <reporter-output>
          </reporter-output>
        </test-method> <!-- closeBrowser -->
        <test-method is-config="true" signature="closeBrowser()[pri:0, instance:script.PerformanceSigninScript@34f6515b]" started-at="2022-08-04T21:29:24Z" name="closeBrowser" finished-at="2022-08-04T21:29:24Z" duration-ms="1" status="PASS">
          <reporter-output>
          </reporter-output>
        </test-method> <!-- closeBrowser -->
        <test-method is-config="true" signature="closeBrowser()[pri:0, instance:script.ProblemSigninScript@1187c9e8]" started-at="2022-08-04T21:29:24Z" name="closeBrowser" finished-at="2022-08-04T21:29:24Z" duration-ms="0" status="PASS">
          <reporter-output>
          </reporter-output>
        </test-method> <!-- closeBrowser -->
        <test-method is-config="true" signature="closeBrowser()[pri:0, instance:script.StandardSigninScript@127a7a2e]" started-at="2022-08-04T21:29:24Z" name="closeBrowser" finished-at="2022-08-04T21:29:24Z" duration-ms="0" status="PASS">
          <reporter-output>
          </reporter-output>
        </test-method> <!-- closeBrowser -->
      </class> <!-- script.LockedSigninScript -->
      <class name="script.PerformanceSigninScript">
        <test-method is-config="true" signature="refreshPage()[pri:0, instance:script.PerformanceSigninScript@34f6515b]" started-at="2022-08-04T21:29:13Z" name="refreshPage" finished-at="2022-08-04T21:29:16Z" duration-ms="2861" status="PASS">
          <reporter-output>
          </reporter-output>
        </test-method> <!-- refreshPage -->
        <test-method signature="performanceGlitchUserLogin()[pri:4, instance:script.PerformanceSigninScript@34f6515b]" started-at="2022-08-04T21:29:16Z" name="performanceGlitchUserLogin" finished-at="2022-08-04T21:29:24Z" duration-ms="7864" status="PASS">
          <reporter-output>
          </reporter-output>
        </test-method> <!-- performanceGlitchUserLogin -->
      </class> <!-- script.PerformanceSigninScript -->
      <class name="script.StandardSigninScript">
        <test-method is-config="true" signature="refreshPage()[pri:0, instance:script.StandardSigninScript@127a7a2e]" started-at="2022-08-04T21:28:54Z" name="refreshPage" finished-at="2022-08-04T21:28:57Z" duration-ms="2556" status="PASS">
          <reporter-output>
          </reporter-output>
        </test-method> <!-- refreshPage -->
        <test-method signature="standardUserLogin()[pri:1, instance:script.StandardSigninScript@127a7a2e]" started-at="2022-08-04T21:28:57Z" name="standardUserLogin" finished-at="2022-08-04T21:29:01Z" duration-ms="4353" status="FAIL">
          <exception class="java.lang.AssertionError">
            <message>
              <![CDATA[expected [PRODU] but found [PRODUCTS]]]>
            </message>
            <full-stacktrace>
              <![CDATA[java.lang.AssertionError: expected [PRODU] but found [PRODUCTS]
	at org.testng.Assert.fail(Assert.java:94)
	at org.testng.Assert.failNotEquals(Assert.java:496)
	at org.testng.Assert.assertEquals(Assert.java:125)
	at org.testng.Assert.assertEquals(Assert.java:178)
	at org.testng.Assert.assertEquals(Assert.java:188)
	at script.StandardSigninScript.standardUserLogin(StandardSigninScript.java:45)
	at java.base/jdk.internal.reflect.NativeMethodAccessorImpl.invoke0(Native Method)
	at java.base/jdk.internal.reflect.NativeMethodAccessorImpl.invoke(NativeMethodAccessorImpl.java:78)
	at java.base/jdk.internal.reflect.DelegatingMethodAccessorImpl.invoke(DelegatingMethodAccessorImpl.java:43)
	at java.base/java.lang.reflect.Method.invoke(Method.java:567)
	at org.testng.internal.MethodInvocationHelper.invokeMethod(MethodInvocationHelper.java:85)
	at org.testng.internal.Invoker.invokeMethod(Invoker.java:639)
	at org.testng.internal.Invoker.invokeTestMethod(Invoker.java:816)
	at org.testng.internal.Invoker.invokeTestMethods(Invoker.java:1124)
	at org.testng.internal.TestMethodWorker.invokeTestMethods(TestMethodWorker.java:125)
	at org.testng.internal.TestMethodWorker.run(TestMethodWorker.java:108)
	at org.testng.TestRunner.privateRun(TestRunner.java:774)
	at org.testng.TestRunner.run(TestRunner.java:624)
	at org.testng.SuiteRunner.runTest(SuiteRunner.java:359)
	at org.testng.SuiteRunner.runSequentially(SuiteRunner.java:354)
	at org.testng.SuiteRunner.privateRun(SuiteRunner.java:312)
	at org.testng.SuiteRunner.run(SuiteRunner.java:261)
	at org.testng.SuiteRunnerWorker.runSuite(SuiteRunnerWorker.java:52)
	at org.testng.SuiteRunnerWorker.run(SuiteRunnerWorker.java:86)
	at org.testng.TestNG.runSuitesSequentially(TestNG.java:1215)
	at org.testng.TestNG.runSuitesLocally(TestNG.java:1140)
	at org.testng.TestNG.run(TestNG.java:1048)
	at org.testng.remote.AbstractRemoteTestNG.run(AbstractRemoteTestNG.java:115)
	at org.testng.remote.RemoteTestNG.initAndRun(RemoteTestNG.java:251)
	at org.testng.remote.RemoteTestNG.main(RemoteTestNG.java:77)
]]>
            </full-stacktrace>
          </exception> <!-- java.lang.AssertionError -->
          <reporter-output>
          </reporter-output>
        </test-method> <!-- standardUserLogin -->
      </class> <!-- script.StandardSigninScript -->
    </test> <!-- Test -->
  </suite> <!-- Suite -->
</testng-results>
